[INFO ] 2023-11-18 10:58:44.606 [main] loginStepdefinition - WebPage Launched
[INFO ] 2023-11-18 10:58:44.722 [main] loginStepdefinition - User clicks login button in Homepage
[INFO ] 2023-11-18 10:58:44.813 [main] loginStepdefinition - User clicks login button in PopUp
[INFO ] 2023-11-18 10:58:49.585 [main] loginStepdefinition - User clicks register button
[INFO ] 2023-11-18 12:46:58.197 [main] loginStepdefinition - WebPage Launched
[INFO ] 2023-11-18 12:46:58.328 [main] loginStepdefinition - User clicks login button in Homepage
[INFO ] 2023-11-18 12:46:58.403 [main] loginStepdefinition - User clicks login button in PopUp
[INFO ] 2023-11-18 12:47:05.513 [main] loginStepdefinition - User clicks register button
[INFO ] 2023-11-18 12:47:21.597 [main] loginStepdefinition - User clicks login button in Homepage
[INFO ] 2023-11-18 12:47:21.725 [main] loginStepdefinition - User clicks login button in PopUp
[INFO ] 2023-11-18 12:47:25.155 [main] loginStepdefinition - User clicks register button
[INFO ] 2023-11-20 09:48:22.328 [main] loginStepdefinition - WebPage Launched
[INFO ] 2023-11-20 09:48:22.556 [main] loginStepdefinition - User clicks login button in Homepage
[INFO ] 2023-11-20 09:48:22.680 [main] loginStepdefinition - User clicks login button in PopUp
[INFO ] 2023-11-20 09:48:24.719 [main] loginStepdefinition - User clicks register button
[INFO ] 2023-11-20 10:26:47.073 [main] loginStepdefinition - WebPage Launched
[INFO ] 2023-11-20 10:26:47.470 [main] loginStepdefinition - User clicks login button in Homepage
[INFO ] 2023-11-20 10:26:47.621 [main] loginStepdefinition - User clicks login button in PopUp
[INFO ] 2023-11-20 10:26:48.876 [main] loginStepdefinition - User clicks register button
[INFO ] 2023-11-20 10:49:05.858 [main] loginStepdefinition - WebPage Launched
[INFO ] 2023-11-20 10:49:06.101 [main] loginStepdefinition - User clicks login button in Homepage
[INFO ] 2023-11-20 10:49:06.639 [main] loginStepdefinition - User clicks login button in PopUp
[INFO ] 2023-11-20 10:49:06.890 [main] loginStepdefinition - User Enters the Valid EmailId
[INFO ] 2023-11-20 10:49:06.978 [main] loginStepdefinition - User Enters the valid password
[INFO ] 2023-11-20 10:49:12.589 [main] loginStepdefinition - User clicks register button
[INFO ] 2023-11-20 11:35:57.304 [main] loginStepdefinition - WebPage Launched
[INFO ] 2023-11-20 11:35:57.456 [main] loginStepdefinition - User clicks login button in Homepage
[INFO ] 2023-11-20 11:35:57.524 [main] loginStepdefinition - User clicks login button in PopUp
[INFO ] 2023-11-20 11:35:58.115 [main] loginStepdefinition - User Enters the Valid EmailId
[INFO ] 2023-11-20 11:35:58.193 [main] loginStepdefinition - User Enters the valid password
[INFO ] 2023-11-20 11:36:09.468 [main] loginStepdefinition - User clicks register button
[INFO ] 2023-11-20 12:46:44.913 [main] loginStepdefinition - WebPage Launched
[INFO ] 2023-11-20 12:46:45.070 [main] loginStepdefinition - User clicks login button in Homepage
[INFO ] 2023-11-20 12:46:45.137 [main] loginStepdefinition - User clicks login button in PopUp
[INFO ] 2023-11-20 12:46:45.362 [main] loginStepdefinition - User Enters the Valid EmailId
[INFO ] 2023-11-20 12:46:45.439 [main] loginStepdefinition - User Enters the valid password
[INFO ] 2023-11-20 12:46:48.521 [main] loginStepdefinition - User clicks register button
[INFO ] 2023-11-20 13:34:33.498 [main] loginStepdefinition - WebPage Launched
[INFO ] 2023-11-20 13:34:33.949 [main] loginStepdefinition - User clicks login button in Homepage
[INFO ] 2023-11-20 13:34:34.034 [main] loginStepdefinition - User clicks login button in PopUp
[INFO ] 2023-11-20 13:34:34.279 [main] loginStepdefinition - User Enters the Valid EmailId
[INFO ] 2023-11-20 13:34:35.389 [main] loginStepdefinition - User Enters the valid password
[INFO ] 2023-11-20 13:36:47.805 [main] loginStepdefinition - WebPage Launched
[INFO ] 2023-11-20 13:36:47.924 [main] loginStepdefinition - User clicks login button in Homepage
[INFO ] 2023-11-20 13:36:48.018 [main] loginStepdefinition - User clicks login button in PopUp
[INFO ] 2023-11-20 13:36:48.320 [main] loginStepdefinition - User Enters the Valid EmailId
[INFO ] 2023-11-20 13:36:48.409 [main] loginStepdefinition - User Enters the valid password
[INFO ] 2023-11-20 13:38:08.283 [main] loginStepdefinition - WebPage Launched
[INFO ] 2023-11-20 13:38:08.412 [main] loginStepdefinition - User clicks login button in Homepage
[INFO ] 2023-11-20 13:38:08.509 [main] loginStepdefinition - User clicks login button in PopUp
[INFO ] 2023-11-20 13:38:08.780 [main] loginStepdefinition - User Enters the Valid EmailId
[INFO ] 2023-11-20 13:38:09.541 [main] loginStepdefinition - User Enters the valid password
[INFO ] 2023-11-20 14:41:09.123 [main] loginStepdefinition - WebPage Launched
[INFO ] 2023-11-20 14:41:09.416 [main] loginStepdefinition - User clicks login button in Homepage
[INFO ] 2023-11-20 14:41:09.585 [main] loginStepdefinition - User clicks login button in PopUp
[INFO ] 2023-11-20 14:41:10.021 [main] loginStepdefinition - User Enters the Valid EmailId
[INFO ] 2023-11-20 14:41:10.159 [main] loginStepdefinition - User Enters the valid password
[INFO ] 2023-11-20 14:44:13.943 [main] loginStepdefinition - WebPage Launched
[INFO ] 2023-11-20 14:44:14.066 [main] loginStepdefinition - User clicks login button in Homepage
[INFO ] 2023-11-20 14:44:14.224 [main] loginStepdefinition - User clicks login button in PopUp
[INFO ] 2023-11-20 14:44:14.465 [main] loginStepdefinition - User Enters the Valid EmailId
[INFO ] 2023-11-20 14:44:14.549 [main] loginStepdefinition - User Enters the valid password
[INFO ] 2023-11-20 14:44:22.619 [main] loginStepdefinition - User clicks register button
[INFO ] 2023-11-20 14:44:36.429 [main] loginStepdefinition - User clicks login button in Homepage
[INFO ] 2023-11-20 14:44:36.509 [main] loginStepdefinition - User clicks login button in PopUp
[INFO ] 2023-11-20 14:44:36.512 [main] loginStepdefinition - User Enters the InValid EmailId
[INFO ] 2023-11-20 14:44:36.512 [main] loginStepdefinition - User Enters the InValid EmailId
[INFO ] 2023-11-20 14:44:36.512 [main] loginStepdefinition - User Enters the InValid EmailId
[INFO ] 2023-11-20 14:44:36.587 [main] loginStepdefinition - User Enters the Invalid password
[INFO ] 2023-11-20 14:44:36.587 [main] loginStepdefinition - User Enters the Invalid password
[INFO ] 2023-11-20 14:44:36.587 [main] loginStepdefinition - User Enters the Invalid password
[INFO ] 2023-11-20 14:44:36.587 [main] loginStepdefinition - User clicks register button
[INFO ] 2023-11-20 15:21:11.553 [main] loginStepdefinition - WebPage Launched
[INFO ] 2023-11-20 15:26:48.698 [main] loginStepdefinition - WebPage Launched
[INFO ] 2023-11-20 15:26:48.860 [main] loginStepdefinition - User clicks login button in Homepage
[INFO ] 2023-11-20 15:26:48.975 [main] loginStepdefinition - User clicks login button in PopUp
[INFO ] 2023-11-20 15:26:49.260 [main] loginStepdefinition - User Enters the Valid EmailId
[INFO ] 2023-11-20 15:26:50.068 [main] loginStepdefinition - User Enters the valid password
[INFO ] 2023-11-20 15:26:55.576 [main] loginStepdefinition - User clicks register button
[INFO ] 2023-11-20 15:27:27.933 [main] loginStepdefinition - WebPage Launched
[INFO ] 2023-11-20 15:27:28.050 [main] loginStepdefinition - User clicks login button in Homepage
[INFO ] 2023-11-20 15:27:28.148 [main] loginStepdefinition - User clicks login button in PopUp
[INFO ] 2023-11-20 15:27:28.400 [main] loginStepdefinition - User Enters the Valid EmailId
[INFO ] 2023-11-20 15:27:28.496 [main] loginStepdefinition - User Enters the valid password
[INFO ] 2023-11-20 15:27:29.817 [main] loginStepdefinition - User clicks register button
[INFO ] 2023-11-20 15:42:25.307 [main] loginStepdefinition - WebPage Launched
[INFO ] 2023-11-20 15:42:25.557 [main] loginStepdefinition - User clicks login button in Homepage
[INFO ] 2023-11-20 15:42:25.635 [main] loginStepdefinition - User clicks login button in PopUp
[INFO ] 2023-11-20 15:42:26.100 [main] loginStepdefinition - User Enters the Valid EmailId
[INFO ] 2023-11-20 15:42:26.178 [main] loginStepdefinition - User Enters the valid password
[INFO ] 2023-11-20 15:42:28.599 [main] loginStepdefinition - User clicks register button
[INFO ] 2023-11-20 15:44:43.401 [main] loginStepdefinition - WebPage Launched
[INFO ] 2023-11-20 15:44:43.516 [main] loginStepdefinition - User clicks login button in Homepage
[INFO ] 2023-11-20 15:44:43.609 [main] loginStepdefinition - User clicks login button in PopUp
[INFO ] 2023-11-20 15:44:43.851 [main] loginStepdefinition - User Enters the Valid EmailId
[INFO ] 2023-11-20 15:44:43.934 [main] loginStepdefinition - User Enters the valid password
[INFO ] 2023-11-20 15:44:45.709 [main] loginStepdefinition - User clicks register button
[INFO ] 2023-11-20 15:45:21.799 [main] loginStepdefinition - User clicks login button in Homepage
[INFO ] 2023-11-20 15:45:21.891 [main] loginStepdefinition - User clicks login button in PopUp
[INFO ] 2023-11-20 15:45:21.895 [main] loginStepdefinition - User Enters the InValid EmailId
[INFO ] 2023-11-20 15:45:21.895 [main] loginStepdefinition - User Enters the InValid EmailId
[INFO ] 2023-11-20 15:45:21.895 [main] loginStepdefinition - User Enters the InValid EmailId
[INFO ] 2023-11-20 15:45:21.960 [main] loginStepdefinition - User Enters the Invalid password
[INFO ] 2023-11-20 15:45:21.960 [main] loginStepdefinition - User Enters the Invalid password
[INFO ] 2023-11-20 15:45:21.960 [main] loginStepdefinition - User Enters the Invalid password
[INFO ] 2023-11-20 15:45:21.961 [main] loginStepdefinition - User clicks register button
[INFO ] 2023-11-20 15:46:24.246 [main] loginStepdefinition - WebPage Launched
[INFO ] 2023-11-20 15:46:24.363 [main] loginStepdefinition - User clicks login button in Homepage
[INFO ] 2023-11-20 15:46:24.522 [main] loginStepdefinition - User clicks login button in PopUp
[INFO ] 2023-11-20 15:46:24.763 [main] loginStepdefinition - User Enters the Valid EmailId
[INFO ] 2023-11-20 15:46:24.942 [main] loginStepdefinition - User Enters the valid password
[INFO ] 2023-11-20 15:46:27.396 [main] loginStepdefinition - User clicks register button
[INFO ] 2023-11-20 15:46:38.274 [main] loginStepdefinition - User clicks login button in Homepage
[INFO ] 2023-11-20 15:46:38.403 [main] loginStepdefinition - User clicks login button in PopUp
[INFO ] 2023-11-20 15:46:38.406 [main] loginStepdefinition - User Enters the InValid EmailId
[INFO ] 2023-11-20 15:46:38.407 [main] loginStepdefinition - User Enters the InValid EmailId
[INFO ] 2023-11-20 15:46:38.407 [main] loginStepdefinition - User Enters the InValid EmailId
[INFO ] 2023-11-20 15:46:38.410 [main] loginStepdefinition - User Enters the Invalid password
[INFO ] 2023-11-20 15:46:38.410 [main] loginStepdefinition - User Enters the Invalid password
[INFO ] 2023-11-20 15:46:38.410 [main] loginStepdefinition - User Enters the Invalid password
[INFO ] 2023-11-20 15:46:38.410 [main] loginStepdefinition - User clicks register button
[INFO ] 2023-11-20 15:48:42.465 [main] loginStepdefinition - WebPage Launched
[INFO ] 2023-11-20 15:48:42.609 [main] loginStepdefinition - User clicks login button in Homepage
[INFO ] 2023-11-20 15:48:42.715 [main] loginStepdefinition - User clicks login button in PopUp
[INFO ] 2023-11-20 15:48:43.002 [main] loginStepdefinition - User Enters the Valid EmailId
[INFO ] 2023-11-20 15:48:43.590 [main] loginStepdefinition - User Enters the valid password
[INFO ] 2023-11-20 15:48:47.843 [main] loginStepdefinition - User clicks register button
[INFO ] 2023-11-20 15:49:20.456 [main] loginStepdefinition - WebPage Launched
[INFO ] 2023-11-20 15:49:20.608 [main] loginStepdefinition - User clicks login button in Homepage
[INFO ] 2023-11-20 15:49:20.696 [main] loginStepdefinition - User clicks login button in PopUp
[INFO ] 2023-11-20 15:49:21.262 [main] loginStepdefinition - User Enters the Valid EmailId
[INFO ] 2023-11-20 15:49:21.393 [main] loginStepdefinition - User Enters the valid password
[INFO ] 2023-11-20 15:49:26.148 [main] loginStepdefinition - User clicks register button
[INFO ] 2023-11-20 15:49:41.129 [main] loginStepdefinition - User clicks login button in Homepage
[INFO ] 2023-11-20 15:49:41.241 [main] loginStepdefinition - User clicks login button in PopUp
[INFO ] 2023-11-20 15:49:41.243 [main] loginStepdefinition - User Enters the InValid EmailId
[INFO ] 2023-11-20 15:49:41.243 [main] loginStepdefinition - User Enters the InValid EmailId
[INFO ] 2023-11-20 15:49:41.245 [main] loginStepdefinition - User Enters the Invalid password
[INFO ] 2023-11-20 15:49:41.245 [main] loginStepdefinition - User Enters the Invalid password
[INFO ] 2023-11-20 15:49:41.246 [main] loginStepdefinition - User clicks register button
[INFO ] 2023-11-20 15:50:42.101 [main] loginStepdefinition - WebPage Launched
[INFO ] 2023-11-20 15:50:42.226 [main] loginStepdefinition - User clicks login button in Homepage
[INFO ] 2023-11-20 15:50:42.309 [main] loginStepdefinition - User clicks login button in PopUp
[INFO ] 2023-11-20 15:50:42.562 [main] loginStepdefinition - User Enters the Valid EmailId
[INFO ] 2023-11-20 15:50:42.680 [main] loginStepdefinition - User Enters the valid password
[INFO ] 2023-11-20 15:50:44.458 [main] loginStepdefinition - User clicks register button
[INFO ] 2023-11-20 15:52:46.850 [main] loginStepdefinition - WebPage Launched
[INFO ] 2023-11-20 15:52:46.977 [main] loginStepdefinition - User clicks login button in Homepage
[INFO ] 2023-11-20 15:52:47.055 [main] loginStepdefinition - User clicks login button in PopUp
[INFO ] 2023-11-20 15:52:47.672 [main] loginStepdefinition - User Enters the Valid EmailId
[INFO ] 2023-11-20 15:52:47.748 [main] loginStepdefinition - User Enters the valid password
[INFO ] 2023-11-20 15:52:48.767 [main] loginStepdefinition - User clicks register button
[INFO ] 2023-11-20 15:52:59.152 [main] loginStepdefinition - User clicks login button in Homepage
[INFO ] 2023-11-20 15:52:59.272 [main] loginStepdefinition - User clicks login button in PopUp
[INFO ] 2023-11-20 15:52:59.276 [main] loginStepdefinition - User Enters the InValid EmailId
[INFO ] 2023-11-20 15:52:59.276 [main] loginStepdefinition - User Enters the InValid EmailId
[INFO ] 2023-11-20 15:52:59.280 [main] loginStepdefinition - User Enters the Invalid password
[INFO ] 2023-11-20 15:52:59.280 [main] loginStepdefinition - User Enters the Invalid password
[INFO ] 2023-11-20 15:52:59.280 [main] loginStepdefinition - User clicks register button
[INFO ] 2023-11-20 15:53:40.213 [main] loginStepdefinition - WebPage Launched
[INFO ] 2023-11-20 15:53:40.369 [main] loginStepdefinition - User clicks login button in Homepage
[INFO ] 2023-11-20 15:53:40.437 [main] loginStepdefinition - User clicks login button in PopUp
[INFO ] 2023-11-20 15:53:41.057 [main] loginStepdefinition - User Enters the Valid EmailId
[INFO ] 2023-11-20 15:53:41.138 [main] loginStepdefinition - User Enters the valid password
[INFO ] 2023-11-20 15:53:42.334 [main] loginStepdefinition - User clicks register button
[INFO ] 2023-11-20 15:54:04.906 [main] loginStepdefinition - User clicks login button in Homepage
[INFO ] 2023-11-20 15:54:05.020 [main] loginStepdefinition - User clicks login button in PopUp
[INFO ] 2023-11-20 15:54:05.025 [main] loginStepdefinition - User Enters the InValid EmailId
[INFO ] 2023-11-20 15:54:05.025 [main] loginStepdefinition - User Enters the InValid EmailId
[INFO ] 2023-11-20 15:54:05.032 [main] loginStepdefinition - User Enters the Invalid password
[INFO ] 2023-11-20 15:54:05.032 [main] loginStepdefinition - User Enters the Invalid password
[INFO ] 2023-11-20 15:54:05.032 [main] loginStepdefinition - User clicks register button
[INFO ] 2023-11-20 15:56:56.270 [main] loginStepdefinition - WebPage Launched
[INFO ] 2023-11-20 15:56:56.411 [main] loginStepdefinition - User clicks login button in Homepage
[INFO ] 2023-11-20 15:56:56.517 [main] loginStepdefinition - User clicks login button in PopUp
[INFO ] 2023-11-20 15:56:56.770 [main] loginStepdefinition - User Enters the Valid EmailId
[INFO ] 2023-11-20 15:56:57.418 [main] loginStepdefinition - User Enters the valid password
[INFO ] 2023-11-20 15:57:05.267 [main] loginStepdefinition - User clicks register button
[INFO ] 2023-11-20 15:57:42.786 [main] loginStepdefinition - User clicks login button in Homepage
[INFO ] 2023-11-20 15:57:42.874 [main] loginStepdefinition - User clicks login button in PopUp
[INFO ] 2023-11-20 16:01:18.180 [main] loginStepdefinition - WebPage Launched
[INFO ] 2023-11-20 16:01:18.311 [main] loginStepdefinition - User clicks login button in Homepage
[INFO ] 2023-11-20 16:01:18.461 [main] loginStepdefinition - User clicks login button in PopUp
[INFO ] 2023-11-20 16:01:18.754 [main] loginStepdefinition - User Enters the Valid EmailId
[INFO ] 2023-11-20 16:01:18.855 [main] loginStepdefinition - User Enters the valid password
[INFO ] 2023-11-20 16:01:22.046 [main] loginStepdefinition - User clicks register button
[INFO ] 2023-11-20 16:01:38.629 [main] loginStepdefinition - User clicks login button in Homepage
[INFO ] 2023-11-20 16:01:38.769 [main] loginStepdefinition - User clicks login button in PopUp
[INFO ] 2023-11-20 16:01:38.772 [main] loginStepdefinition - User Enters the InValid EmailId
[INFO ] 2023-11-20 16:01:38.772 [main] loginStepdefinition - User Enters the InValid EmailId
[INFO ] 2023-11-20 16:02:27.063 [main] loginStepdefinition - WebPage Launched
[INFO ] 2023-11-20 16:02:27.311 [main] loginStepdefinition - User clicks login button in Homepage
[INFO ] 2023-11-20 16:02:27.445 [main] loginStepdefinition - User clicks login button in PopUp
[INFO ] 2023-11-20 16:02:27.702 [main] loginStepdefinition - User Enters the Valid EmailId
[INFO ] 2023-11-20 16:02:27.839 [main] loginStepdefinition - User Enters the valid password
[INFO ] 2023-11-20 16:02:29.494 [main] loginStepdefinition - User clicks register button
[INFO ] 2023-11-20 16:03:05.213 [main] loginStepdefinition - User clicks login button in Homepage
[INFO ] 2023-11-20 16:03:05.311 [main] loginStepdefinition - User clicks login button in PopUp
[INFO ] 2023-11-20 16:03:05.314 [main] loginStepdefinition - User Enters the InValid EmailId
[INFO ] 2023-11-20 16:03:05.314 [main] loginStepdefinition - User Enters the InValid EmailId
[INFO ] 2023-11-20 16:03:05.390 [main] loginStepdefinition - User Enters the Invalid password
[INFO ] 2023-11-20 16:03:05.390 [main] loginStepdefinition - User Enters the Invalid password
[INFO ] 2023-11-20 16:03:05.391 [main] loginStepdefinition - User clicks register button
[INFO ] 2023-11-20 16:06:45.236 [main] loginStepdefinition - WebPage Launched
[INFO ] 2023-11-20 16:06:45.360 [main] loginStepdefinition - User clicks login button in Homepage
[INFO ] 2023-11-20 16:06:45.496 [main] loginStepdefinition - User clicks login button in PopUp
[INFO ] 2023-11-20 16:06:46.187 [main] loginStepdefinition - User Enters the Valid EmailId
[INFO ] 2023-11-20 16:06:46.326 [main] loginStepdefinition - User Enters the valid password
[INFO ] 2023-11-20 16:06:49.661 [main] loginStepdefinition - User clicks register button
[INFO ] 2023-11-20 16:09:21.773 [main] loginStepdefinition - WebPage Launched
[INFO ] 2023-11-20 16:09:21.892 [main] loginStepdefinition - User clicks login button in Homepage
[INFO ] 2023-11-20 16:09:21.988 [main] loginStepdefinition - User clicks login button in PopUp
[INFO ] 2023-11-20 16:09:22.415 [main] loginStepdefinition - User Enters the Valid EmailId
[INFO ] 2023-11-20 16:09:23.313 [main] loginStepdefinition - User Enters the valid password
[INFO ] 2023-11-20 16:09:24.340 [main] loginStepdefinition - User clicks register button
[INFO ] 2023-11-20 16:09:36.679 [main] loginStepdefinition - User clicks login button in Homepage
[INFO ] 2023-11-20 16:09:36.753 [main] loginStepdefinition - User clicks login button in PopUp
[INFO ] 2023-11-20 16:09:36.756 [main] loginStepdefinition - User Enters the InValid EmailId
[INFO ] 2023-11-20 16:09:36.756 [main] loginStepdefinition - User Enters the InValid EmailId
[INFO ] 2023-11-20 16:09:36.758 [main] loginStepdefinition - User Enters the Invalid password
[INFO ] 2023-11-20 16:09:36.758 [main] loginStepdefinition - User Enters the Invalid password
[INFO ] 2023-11-20 16:09:36.759 [main] loginStepdefinition - User clicks register button
[INFO ] 2023-11-20 16:14:50.131 [main] loginStepdefinition - WebPage Launched
[INFO ] 2023-11-20 16:14:50.273 [main] loginStepdefinition - User clicks login button in Homepage
[INFO ] 2023-11-20 16:14:50.378 [main] loginStepdefinition - User clicks login button in PopUp
[INFO ] 2023-11-20 16:14:50.940 [main] loginStepdefinition - User Enters the Valid EmailId
[INFO ] 2023-11-20 16:14:51.025 [main] loginStepdefinition - User Enters the valid password
[INFO ] 2023-11-20 16:14:52.861 [main] loginStepdefinition - User clicks register button
[INFO ] 2023-11-20 16:15:04.525 [main] loginStepdefinition - User clicks login button in Homepage
[INFO ] 2023-11-20 16:15:04.662 [main] loginStepdefinition - User clicks login button in PopUp
[INFO ] 2023-11-20 16:22:56.765 [main] loginStepdefinition - WebPage Launched
[INFO ] 2023-11-20 16:22:56.878 [main] loginStepdefinition - User clicks login button in Homepage
[INFO ] 2023-11-20 16:22:57.017 [main] loginStepdefinition - User clicks login button in PopUp
[INFO ] 2023-11-20 16:23:00.695 [main] loginStepdefinition - User clicks register button
[INFO ] 2023-11-20 16:23:11.300 [main] loginStepdefinition - User clicks login button in Homepage
[INFO ] 2023-11-20 16:23:11.394 [main] loginStepdefinition - User clicks login button in PopUp
[INFO ] 2023-11-20 16:23:12.171 [main] loginStepdefinition - User clicks register button
[INFO ] 2023-11-20 16:31:26.917 [main] loginStepdefinition - WebPage Launched
[INFO ] 2023-11-20 16:31:27.141 [main] loginStepdefinition - User clicks login button in Homepage
[INFO ] 2023-11-20 16:31:27.215 [main] loginStepdefinition - User clicks login button in PopUp
[INFO ] 2023-11-20 16:31:28.592 [main] loginStepdefinition - User clicks register button
[INFO ] 2023-11-20 16:40:41.612 [main] loginStepdefinition - WebPage Launched
[INFO ] 2023-11-20 16:40:41.820 [main] loginStepdefinition - User clicks login button in Homepage
[INFO ] 2023-11-20 16:40:41.899 [main] loginStepdefinition - User clicks login button in PopUp
[INFO ] 2023-11-20 16:40:43.186 [main] loginStepdefinition - User clicks register button
[INFO ] 2023-11-20 18:02:43.107 [main] loginStepdefinition - WebPage Launched
[INFO ] 2023-11-20 18:02:43.408 [main] loginStepdefinition - User clicks login button in Homepage
[INFO ] 2023-11-20 18:02:43.478 [main] loginStepdefinition - User clicks login button in PopUp
[INFO ] 2023-11-20 18:02:45.395 [main] loginStepdefinition - User clicks register button
[INFO ] 2023-11-21 08:32:04.857 [main] loginStepdefinition - WebPage Launched
[INFO ] 2023-11-21 08:32:05.104 [main] loginStepdefinition - User clicks login button in Homepage
[INFO ] 2023-11-21 08:32:05.221 [main] loginStepdefinition - User clicks login button in PopUp
[INFO ] 2023-11-21 08:32:10.607 [main] loginStepdefinition - User clicks register button
[INFO ] 2023-11-21 08:32:13.894 [main] loginStepdefinition - User clicks login button in Homepage
[INFO ] 2023-11-21 08:33:19.207 [main] loginStepdefinition - WebPage Launched
[INFO ] 2023-11-21 08:33:19.338 [main] loginStepdefinition - User clicks login button in Homepage
[INFO ] 2023-11-21 08:33:19.417 [main] loginStepdefinition - User clicks login button in PopUp
[INFO ] 2023-11-21 08:33:21.573 [main] loginStepdefinition - User clicks register button
[INFO ] 2023-11-21 10:10:04.085 [main] loginStepdefinition - WebPage Launched
[INFO ] 2023-11-21 10:10:04.316 [main] loginStepdefinition - User clicks login button in Homepage
[INFO ] 2023-11-21 10:10:04.391 [main] loginStepdefinition - User clicks login button in PopUp
[INFO ] 2023-11-21 10:10:06.552 [main] loginStepdefinition - User clicks register button
[INFO ] 2023-11-21 10:13:48.846 [main] loginStepdefinition - WebPage Launched
[INFO ] 2023-11-21 10:13:48.990 [main] loginStepdefinition - User clicks login button in Homepage
[INFO ] 2023-11-21 10:13:49.164 [main] loginStepdefinition - User clicks login button in PopUp
[INFO ] 2023-11-21 10:13:50.696 [main] loginStepdefinition - User clicks register button
[INFO ] 2023-11-21 10:13:54.583 [main] loginStepdefinition - User clicks login button in Homepage
[INFO ] 2023-11-21 10:13:54.797 [main] loginStepdefinition - User clicks login button in PopUp
[ERROR] 2023-11-21 10:13:54.800 [main] loginStepdefinition - User gets an Error Message
[ERROR] 2023-11-21 10:13:54.800 [main] loginStepdefinition - User gets an Error Message
[ERROR] 2023-11-21 10:13:54.800 [main] loginStepdefinition - User gets an Error Message
[ERROR] 2023-11-21 10:13:54.844 [main] loginStepdefinition - User gets an Error Message
[ERROR] 2023-11-21 10:13:54.844 [main] loginStepdefinition - User gets an Error Message
[ERROR] 2023-11-21 10:13:54.845 [main] loginStepdefinition - User gets an Error Message
[INFO ] 2023-11-21 10:13:55.216 [main] loginStepdefinition - User clicks register button
[INFO ] 2023-11-21 10:20:54.560 [main] loginStepdefinition - WebPage Launched
[INFO ] 2023-11-21 10:20:55.162 [main] loginStepdefinition - User clicks login button in Homepage
[INFO ] 2023-11-21 10:20:55.319 [main] loginStepdefinition - User clicks login button in PopUp
[INFO ] 2023-11-21 10:21:04.001 [main] loginStepdefinition - User clicks register button
[INFO ] 2023-11-21 10:21:07.074 [main] loginStepdefinition - User clicks login button in Homepage
[INFO ] 2023-11-21 10:22:08.484 [main] loginStepdefinition - WebPage Launched
[INFO ] 2023-11-21 10:22:08.757 [main] loginStepdefinition - User clicks login button in Homepage
[INFO ] 2023-11-21 10:22:08.846 [main] loginStepdefinition - User clicks login button in PopUp
[INFO ] 2023-11-21 10:22:12.140 [main] loginStepdefinition - User clicks register button
[INFO ] 2023-11-21 10:22:22.959 [main] loginStepdefinition - User clicks login button in Homepage
[INFO ] 2023-11-21 11:00:04.359 [main] loginStepdefinition - WebPage Launched
[INFO ] 2023-11-21 11:00:04.736 [main] loginStepdefinition - User clicks login button in Homepage
[INFO ] 2023-11-21 11:00:04.859 [main] loginStepdefinition - User clicks login button in PopUp
[INFO ] 2023-11-21 11:00:06.375 [main] loginStepdefinition - User clicks register button
[INFO ] 2023-11-21 11:00:14.905 [main] loginStepdefinition - User clicks login button in Homepage
[INFO ] 2023-11-21 11:05:30.653 [main] loginStepdefinition - WebPage Launched
[INFO ] 2023-11-21 11:05:31.045 [main] loginStepdefinition - User clicks login button in Homepage
[INFO ] 2023-11-21 11:05:31.202 [main] loginStepdefinition - User clicks login button in PopUp
[INFO ] 2023-11-21 11:05:36.803 [main] loginStepdefinition - User clicks register button
[INFO ] 2023-11-21 11:06:10.333 [main] loginStepdefinition - WebPage Launched
[INFO ] 2023-11-21 11:06:10.439 [main] loginStepdefinition - User clicks login button in Homepage
[INFO ] 2023-11-21 11:06:10.523 [main] loginStepdefinition - User clicks login button in PopUp
[INFO ] 2023-11-21 11:06:12.221 [main] loginStepdefinition - User clicks register button
[INFO ] 2023-11-21 11:07:33.072 [main] loginStepdefinition - WebPage Launched
[INFO ] 2023-11-21 11:07:33.185 [main] loginStepdefinition - User clicks login button in Homepage
[INFO ] 2023-11-21 11:07:33.260 [main] loginStepdefinition - User clicks login button in PopUp
[INFO ] 2023-11-21 11:07:35.173 [main] loginStepdefinition - User clicks register button
[INFO ] 2023-11-21 12:33:04.719 [main] loginStepdefinition - WebPage Launched
[INFO ] 2023-11-21 12:33:05.082 [main] loginStepdefinition - User clicks login button in Homepage
[INFO ] 2023-11-21 12:33:05.168 [main] loginStepdefinition - User clicks login button in PopUp
[INFO ] 2023-11-21 12:33:08.443 [main] loginStepdefinition - User clicks register button
[INFO ] 2023-11-21 12:55:28.215 [main] loginStepdefinition - WebPage Launched
[INFO ] 2023-11-21 12:55:28.360 [main] loginStepdefinition - User clicks login button in Homepage
[INFO ] 2023-11-21 12:55:28.439 [main] loginStepdefinition - User clicks login button in PopUp
[INFO ] 2023-11-21 12:55:29.610 [main] loginStepdefinition - User clicks register button
[INFO ] 2023-11-21 12:55:37.719 [main] loginStepdefinition - User clicks login button in Homepage
[INFO ] 2023-11-21 13:02:40.952 [main] loginStepdefinition - WebPage Launched
[INFO ] 2023-11-21 13:02:41.254 [main] loginStepdefinition - User clicks login button in Homepage
[INFO ] 2023-11-21 13:02:41.329 [main] loginStepdefinition - User clicks login button in PopUp
[INFO ] 2023-11-21 13:02:53.750 [main] loginStepdefinition - User clicks register button
[INFO ] 2023-11-21 13:04:06.855 [main] loginStepdefinition - WebPage Launched
[INFO ] 2023-11-21 13:04:07.328 [main] loginStepdefinition - User clicks login button in Homepage
[INFO ] 2023-11-21 13:04:07.402 [main] loginStepdefinition - User clicks login button in PopUp
[INFO ] 2023-11-21 13:04:10.329 [main] loginStepdefinition - User clicks register button
[INFO ] 2023-11-21 13:04:21.327 [main] loginStepdefinition - User clicks login button in Homepage
[INFO ] 2023-11-21 13:07:50.971 [main] loginStepdefinition - WebPage Launched
[INFO ] 2023-11-21 13:07:51.282 [main] loginStepdefinition - User clicks login button in Homepage
[INFO ] 2023-11-21 13:07:51.365 [main] loginStepdefinition - User clicks login button in PopUp
[INFO ] 2023-11-21 13:08:12.089 [main] loginStepdefinition - User clicks login button in Homepage
[INFO ] 2023-11-21 13:10:31.063 [main] loginStepdefinition - WebPage Launched
[INFO ] 2023-11-21 13:10:31.377 [main] loginStepdefinition - User clicks login button in Homepage
[INFO ] 2023-11-21 13:10:31.456 [main] loginStepdefinition - User clicks login button in PopUp
[INFO ] 2023-11-21 13:10:49.528 [main] loginStepdefinition - User clicks register button
[INFO ] 2023-11-21 13:11:46.950 [main] loginStepdefinition - WebPage Launched
[INFO ] 2023-11-21 13:11:47.083 [main] loginStepdefinition - User clicks login button in Homepage
[INFO ] 2023-11-21 13:11:47.158 [main] loginStepdefinition - User clicks login button in PopUp
[INFO ] 2023-11-21 13:11:54.094 [main] loginStepdefinition - User clicks register button
[INFO ] 2023-11-21 13:12:56.003 [main] loginStepdefinition - WebPage Launched
[INFO ] 2023-11-21 13:12:56.123 [main] loginStepdefinition - User clicks login button in Homepage
[INFO ] 2023-11-21 13:12:56.237 [main] loginStepdefinition - User clicks login button in PopUp
[INFO ] 2023-11-21 13:13:05.178 [main] loginStepdefinition - User clicks register button
[INFO ] 2023-11-21 13:13:08.060 [main] loginStepdefinition - User clicks login button in Homepage
[INFO ] 2023-11-21 13:13:08.398 [main] loginStepdefinition - User clicks login button in PopUp
[INFO ] 2023-11-21 13:14:38.126 [main] loginStepdefinition - WebPage Launched
[INFO ] 2023-11-21 13:14:38.313 [main] loginStepdefinition - User clicks login button in Homepage
[INFO ] 2023-11-21 13:14:38.400 [main] loginStepdefinition - User clicks login button in PopUp
[INFO ] 2023-11-21 13:14:43.657 [main] loginStepdefinition - User clicks register button
[INFO ] 2023-11-21 13:14:49.423 [main] loginStepdefinition - User clicks login button in Homepage
[INFO ] 2023-11-21 13:14:49.667 [main] loginStepdefinition - User clicks login button in PopUp
[INFO ] 2023-11-21 13:16:02.847 [main] loginStepdefinition - WebPage Launched
[INFO ] 2023-11-21 13:16:03.076 [main] loginStepdefinition - User clicks login button in Homepage
[INFO ] 2023-11-21 13:16:03.233 [main] loginStepdefinition - User clicks login button in PopUp
[INFO ] 2023-11-21 13:16:33.651 [main] loginStepdefinition - User clicks register button
[INFO ] 2023-11-21 13:16:38.160 [main] loginStepdefinition - User clicks login button in Homepage
[INFO ] 2023-11-21 13:16:38.418 [main] loginStepdefinition - User clicks login button in PopUp
[INFO ] 2023-11-21 13:32:49.580 [main] loginStepdefinition - WebPage Launched
[INFO ] 2023-11-21 13:32:50.037 [main] loginStepdefinition - User clicks login button in Homepage
[INFO ] 2023-11-21 13:32:50.154 [main] loginStepdefinition - User clicks login button in PopUp
[INFO ] 2023-11-21 13:33:39.188 [main] loginStepdefinition - User clicks register button
[INFO ] 2023-11-21 13:33:50.151 [main] loginStepdefinition - User clicks login button in Homepage
[INFO ] 2023-11-21 13:33:50.510 [main] loginStepdefinition - User clicks login button in PopUp
[INFO ] 2023-11-21 13:35:38.536 [main] loginStepdefinition - WebPage Launched
[INFO ] 2023-11-21 13:35:38.874 [main] loginStepdefinition - User clicks login button in Homepage
[INFO ] 2023-11-21 13:35:38.967 [main] loginStepdefinition - User clicks login button in PopUp
[INFO ] 2023-11-21 13:35:46.794 [main] loginStepdefinition - User clicks register button
[INFO ] 2023-11-21 13:41:34.971 [main] loginStepdefinition - WebPage Launched
[INFO ] 2023-11-21 13:41:35.241 [main] loginStepdefinition - User clicks login button in Homepage
[INFO ] 2023-11-21 13:41:35.314 [main] loginStepdefinition - User clicks login button in PopUp
[INFO ] 2023-11-21 13:41:59.129 [main] loginStepdefinition - User clicks register button
[INFO ] 2023-11-21 13:43:42.098 [main] loginStepdefinition - WebPage Launched
[INFO ] 2023-11-21 13:43:42.726 [main] loginStepdefinition - User clicks login button in Homepage
[INFO ] 2023-11-21 13:43:44.922 [main] loginStepdefinition - User clicks login button in PopUp
[INFO ] 2023-11-21 13:43:57.175 [main] loginStepdefinition - User clicks register button
[INFO ] 2023-11-21 13:44:02.531 [main] loginStepdefinition - User clicks login button in Homepage
[INFO ] 2023-11-21 13:44:02.855 [main] loginStepdefinition - User clicks login button in PopUp
[INFO ] 2023-11-21 14:57:00.754 [main] loginStepdefinition - WebPage Launched
[INFO ] 2023-11-21 14:57:01.087 [main] loginStepdefinition - User clicks login button in Homepage
[INFO ] 2023-11-21 14:57:01.159 [main] loginStepdefinition - User clicks login button in PopUp
[INFO ] 2023-11-21 14:57:14.080 [main] loginStepdefinition - User clicks register button
[INFO ] 2023-11-21 14:57:21.212 [main] loginStepdefinition - User clicks login button in Homepage
[INFO ] 2023-11-21 14:57:21.377 [main] loginStepdefinition - User clicks login button in PopUp
[INFO ] 2023-11-21 15:06:12.194 [main] loginStepdefinition - WebPage Launched
[INFO ] 2023-11-21 15:06:12.546 [main] loginStepdefinition - User clicks login button in Homepage
[INFO ] 2023-11-21 15:06:12.735 [main] loginStepdefinition - User clicks login button in PopUp
[INFO ] 2023-11-21 15:06:18.630 [main] loginStepdefinition - User clicks register button
[INFO ] 2023-11-21 15:09:42.112 [main] loginStepdefinition - WebPage Launched
[INFO ] 2023-11-21 15:09:42.452 [main] loginStepdefinition - User clicks login button in Homepage
[INFO ] 2023-11-21 15:09:42.621 [main] loginStepdefinition - User clicks login button in PopUp
[INFO ] 2023-11-21 15:09:52.634 [main] loginStepdefinition - User clicks register button
[INFO ] 2023-11-21 15:11:20.484 [main] loginStepdefinition - WebPage Launched
[INFO ] 2023-11-21 15:11:20.601 [main] loginStepdefinition - User clicks login button in Homepage
[INFO ] 2023-11-21 15:11:20.686 [main] loginStepdefinition - User clicks login button in PopUp
[INFO ] 2023-11-21 15:11:27.608 [main] loginStepdefinition - User clicks register button
[INFO ] 2023-11-21 15:11:30.849 [main] loginStepdefinition - User clicks login button in Homepage
[INFO ] 2023-11-21 15:11:31.187 [main] loginStepdefinition - User clicks login button in PopUp
[INFO ] 2023-11-21 15:35:20.216 [main] loginStepdefinition - WebPage Launched
[INFO ] 2023-11-21 15:35:20.398 [main] loginStepdefinition - User clicks login button in Homepage
[INFO ] 2023-11-21 15:35:20.487 [main] loginStepdefinition - User clicks login button in PopUp
[INFO ] 2023-11-21 15:35:25.969 [main] loginStepdefinition - User clicks register button
[INFO ] 2023-11-21 15:36:21.368 [main] loginStepdefinition - User clicks login button in Homepage
[INFO ] 2023-11-21 15:36:21.598 [main] loginStepdefinition - User clicks login button in PopUp
[INFO ] 2023-11-21 15:38:24.840 [main] loginStepdefinition - WebPage Launched
[INFO ] 2023-11-21 15:38:24.981 [main] loginStepdefinition - User clicks login button in Homepage
[INFO ] 2023-11-21 15:38:25.048 [main] loginStepdefinition - User clicks login button in PopUp
[INFO ] 2023-11-21 15:38:30.766 [main] loginStepdefinition - User clicks login button in Homepage
[INFO ] 2023-11-21 15:38:31.002 [main] loginStepdefinition - User clicks login button in PopUp
[INFO ] 2023-11-21 15:40:17.147 [main] loginStepdefinition - WebPage Launched
[INFO ] 2023-11-21 15:40:17.399 [main] loginStepdefinition - User clicks login button in Homepage
[INFO ] 2023-11-21 15:40:17.488 [main] loginStepdefinition - User clicks login button in PopUp
[INFO ] 2023-11-21 15:40:36.101 [main] loginStepdefinition - User clicks register button
[INFO ] 2023-11-21 15:40:39.536 [main] loginStepdefinition - User clicks login button in Homepage
[INFO ] 2023-11-21 15:40:40.033 [main] loginStepdefinition - User clicks login button in PopUp
[INFO ] 2023-11-21 15:44:06.788 [main] loginStepdefinition - WebPage Launched
[INFO ] 2023-11-21 15:44:07.321 [main] loginStepdefinition - User clicks login button in Homepage
[INFO ] 2023-11-21 15:44:07.452 [main] loginStepdefinition - User clicks login button in PopUp
[INFO ] 2023-11-21 15:44:20.271 [main] loginStepdefinition - User clicks register button
[INFO ] 2023-11-21 15:48:39.059 [main] loginStepdefinition - WebPage Launched
[INFO ] 2023-11-21 15:48:39.260 [main] loginStepdefinition - User clicks login button in Homepage
[INFO ] 2023-11-21 15:48:39.575 [main] loginStepdefinition - User clicks login button in PopUp
[INFO ] 2023-11-21 15:48:47.380 [main] loginStepdefinition - User clicks register button
[INFO ] 2023-11-21 15:52:12.821 [main] loginStepdefinition - WebPage Launched
[INFO ] 2023-11-21 15:52:13.056 [main] loginStepdefinition - User clicks login button in Homepage
[INFO ] 2023-11-21 15:52:13.419 [main] loginStepdefinition - User clicks login button in PopUp
[INFO ] 2023-11-21 15:52:21.665 [main] loginStepdefinition - User clicks register button
[INFO ] 2023-11-21 18:09:08.150 [main] loginStepdefinition - users clicks about thomascook link
[INFO ] 2023-11-21 18:09:08.440 [main] loginStepdefinition - user clicks about
[INFO ] 2023-11-21 18:09:13.998 [main] loginStepdefinition - about page is asserted
[INFO ] 2023-11-21 18:09:15.368 [main] loginStepdefinition - user clicks on privacy policy
[INFO ] 2023-11-21 18:09:15.727 [main] loginStepdefinition - privacy policy page is asserted
[INFO ] 2023-11-21 18:09:20.082 [main] loginStepdefinition - board of directors is clicked
[INFO ] 2023-11-21 18:09:20.436 [main] loginStepdefinition - board of directors page is asserted
[INFO ] 2023-11-21 18:12:09.562 [main] loginStepdefinition - WebPage Launched
[INFO ] 2023-11-21 18:12:09.748 [main] loginStepdefinition - User clicks login button in Homepage
[INFO ] 2023-11-21 18:12:10.207 [main] loginStepdefinition - User clicks login button in PopUp
[INFO ] 2023-11-21 18:12:18.662 [main] loginStepdefinition - User clicks register button
[INFO ] 2023-11-21 18:12:22.410 [main] loginStepdefinition - User clicks login button in Homepage
[INFO ] 2023-11-21 18:12:22.479 [main] loginStepdefinition - User clicks login button in PopUp
[INFO ] 2023-11-21 18:31:22.337 [main] loginStepdefinition - users clicks about thomascook link
[INFO ] 2023-11-21 18:31:24.511 [main] loginStepdefinition - user clicks about
[INFO ] 2023-11-21 18:31:24.695 [main] loginStepdefinition - about page is asserted
[INFO ] 2023-11-21 18:31:27.133 [main] loginStepdefinition - user clicks on privacy policy
[INFO ] 2023-11-21 18:31:27.197 [main] loginStepdefinition - privacy policy page is asserted
[INFO ] 2023-11-21 18:31:28.940 [main] loginStepdefinition - board of directors is clicked
[INFO ] 2023-11-21 18:31:29.008 [main] loginStepdefinition - board of directors page is asserted
[INFO ] 2023-11-21 18:34:13.048 [main] loginStepdefinition - users clicks about thomascook link
[INFO ] 2023-11-21 18:37:01.627 [main] loginStepdefinition - WebPage Launched
[INFO ] 2023-11-21 18:37:01.866 [main] loginStepdefinition - User clicks login button in Homepage
[INFO ] 2023-11-21 18:37:02.117 [main] loginStepdefinition - User clicks login button in PopUp
[INFO ] 2023-11-21 18:37:11.002 [main] loginStepdefinition - User clicks register button
[INFO ] 2023-11-21 18:37:14.390 [main] loginStepdefinition - User clicks login button in Homepage
[INFO ] 2023-11-21 18:37:14.683 [main] loginStepdefinition - User clicks login button in PopUp
[INFO ] 2023-11-21 18:45:02.171 [main] loginStepdefinition - users clicks about thomascook link
[INFO ] 2023-11-21 18:45:02.311 [main] loginStepdefinition - user clicks about
[INFO ] 2023-11-21 18:45:05.014 [main] loginStepdefinition - about page is asserted
[INFO ] 2023-11-21 18:45:06.418 [main] loginStepdefinition - user clicks on privacy policy
[INFO ] 2023-11-21 18:45:07.231 [main] loginStepdefinition - privacy policy page is asserted
[INFO ] 2023-11-21 18:45:07.916 [main] loginStepdefinition - board of directors is clicked
[INFO ] 2023-11-21 18:47:03.082 [main] loginStepdefinition - WebPage Launched
[INFO ] 2023-11-21 18:47:03.247 [main] loginStepdefinition - User clicks login button in Homepage
[INFO ] 2023-11-21 18:47:14.572 [main] loginStepdefinition - User clicks login button in Homepage
[INFO ] 2023-11-21 18:48:51.283 [main] loginStepdefinition - users clicks about thomascook link
[INFO ] 2023-11-21 18:48:53.697 [main] loginStepdefinition - user clicks about
[INFO ] 2023-11-21 18:48:53.760 [main] loginStepdefinition - about page is asserted
[INFO ] 2023-11-21 18:48:57.813 [main] loginStepdefinition - user clicks on privacy policy
[INFO ] 2023-11-21 18:48:57.879 [main] loginStepdefinition - privacy policy page is asserted
[INFO ] 2023-11-21 18:49:00.146 [main] loginStepdefinition - board of directors is clicked
[INFO ] 2023-11-21 18:49:00.212 [main] loginStepdefinition - board of directors page is asserted
[INFO ] 2023-11-21 18:50:59.587 [main] loginStepdefinition - WebPage Launched
[INFO ] 2023-11-21 18:50:59.848 [main] loginStepdefinition - User clicks login button in Homepage
[INFO ] 2023-11-21 18:51:10.888 [main] loginStepdefinition - User clicks login button in Homepage
[INFO ] 2023-11-21 19:02:01.164 [main] loginStepdefinition - users clicks about thomascook link
[INFO ] 2023-11-21 19:02:01.723 [main] loginStepdefinition - user clicks about
[INFO ] 2023-11-21 19:02:02.900 [main] loginStepdefinition - about page is asserted
[INFO ] 2023-11-21 19:02:04.206 [main] loginStepdefinition - user clicks on privacy policy
[INFO ] 2023-11-21 19:02:04.435 [main] loginStepdefinition - privacy policy page is asserted
[INFO ] 2023-11-21 19:02:06.054 [main] loginStepdefinition - board of directors is clicked
[INFO ] 2023-11-21 19:02:06.171 [main] loginStepdefinition - board of directors page is asserted
[INFO ] 2023-11-21 19:04:49.839 [main] loginStepdefinition - WebPage Launched
[INFO ] 2023-11-21 19:04:49.942 [main] loginStepdefinition - User clicks login button in Homepage
[INFO ] 2023-11-21 19:04:50.022 [main] loginStepdefinition - User clicks login button in PopUp
[INFO ] 2023-11-21 19:04:55.377 [main] loginStepdefinition - User clicks register button
[INFO ] 2023-11-21 19:05:05.488 [main] loginStepdefinition - User clicks login button in Homepage
[INFO ] 2023-11-21 19:05:05.560 [main] loginStepdefinition - User clicks login button in PopUp
[INFO ] 2023-11-21 19:07:29.380 [main] loginStepdefinition - users clicks about thomascook link
[INFO ] 2023-11-21 19:07:29.472 [main] loginStepdefinition - user clicks about
[INFO ] 2023-11-21 19:07:31.515 [main] loginStepdefinition - about page is asserted
[INFO ] 2023-11-21 19:07:32.763 [main] loginStepdefinition - user clicks on privacy policy
[INFO ] 2023-11-21 19:07:33.308 [main] loginStepdefinition - privacy policy page is asserted
[INFO ] 2023-11-21 19:07:34.665 [main] loginStepdefinition - board of directors is clicked
[INFO ] 2023-11-21 19:07:35.109 [main] loginStepdefinition - board of directors page is asserted
[INFO ] 2023-11-21 19:09:53.727 [main] loginStepdefinition - WebPage Launched
[INFO ] 2023-11-21 19:09:53.959 [main] loginStepdefinition - User clicks login button in Homepage
[INFO ] 2023-11-21 19:09:54.038 [main] loginStepdefinition - User clicks login button in PopUp
[INFO ] 2023-11-21 19:09:58.718 [main] loginStepdefinition - User clicks register button
[INFO ] 2023-11-21 19:10:08.526 [main] loginStepdefinition - User clicks login button in Homepage
[INFO ] 2023-11-21 19:10:08.614 [main] loginStepdefinition - User clicks login button in PopUp
[INFO ] 2023-11-21 19:14:59.537 [main] loginStepdefinition - users clicks about thomascook link
[INFO ] 2023-11-21 19:14:59.657 [main] loginStepdefinition - user clicks about
[INFO ] 2023-11-21 19:15:01.832 [main] loginStepdefinition - about page is asserted
[INFO ] 2023-11-21 19:15:03.349 [main] loginStepdefinition - user clicks on privacy policy
[INFO ] 2023-11-21 19:15:03.667 [main] loginStepdefinition - privacy policy page is asserted
[INFO ] 2023-11-21 19:15:05.499 [main] loginStepdefinition - board of directors is clicked
[INFO ] 2023-11-21 19:15:05.908 [main] loginStepdefinition - board of directors page is asserted
[INFO ] 2023-11-21 19:20:02.236 [main] loginStepdefinition - WebPage Launched
[INFO ] 2023-11-21 19:20:02.336 [main] loginStepdefinition - User clicks login button in Homepage
[INFO ] 2023-11-21 19:20:02.517 [main] loginStepdefinition - User clicks login button in PopUp
[INFO ] 2023-11-21 19:20:09.710 [main] loginStepdefinition - User clicks register button
[INFO ] 2023-11-21 19:20:24.705 [main] loginStepdefinition - User clicks login button in Homepage
[INFO ] 2023-11-21 19:20:24.775 [main] loginStepdefinition - User clicks login button in PopUp
[INFO ] 2023-11-22 08:07:39.227 [main] loginStepdefinition - users clicks about thomascook link
[INFO ] 2023-11-22 08:07:39.409 [main] loginStepdefinition - user clicks about
[INFO ] 2023-11-22 08:07:41.597 [main] loginStepdefinition - about page is asserted
[INFO ] 2023-11-22 08:07:45.052 [main] loginStepdefinition - user clicks on privacy policy
[INFO ] 2023-11-22 08:07:45.078 [main] loginStepdefinition - privacy policy page is asserted
[INFO ] 2023-11-22 08:07:47.122 [main] loginStepdefinition - board of directors is clicked
[INFO ] 2023-11-22 08:07:47.190 [main] loginStepdefinition - board of directors page is asserted
[INFO ] 2023-11-22 08:16:11.938 [main] loginStepdefinition - WebPage Launched
[INFO ] 2023-11-22 08:16:12.073 [main] loginStepdefinition - User clicks login button in Homepage
[INFO ] 2023-11-22 08:16:12.141 [main] loginStepdefinition - User clicks login button in PopUp
[INFO ] 2023-11-22 08:16:20.715 [main] loginStepdefinition - User clicks register button
[INFO ] 2023-11-22 08:16:31.190 [main] loginStepdefinition - User clicks login button in Homepage
[INFO ] 2023-11-22 08:16:31.283 [main] loginStepdefinition - User clicks login button in PopUp
[DEBUG] 2023-11-22 09:54:52.942 [main] PackageRelationshipCollection - Parsing relationship: /xl/_rels/workbook.xml.rels
[DEBUG] 2023-11-22 09:54:52.989 [main] PackageRelationshipCollection - Parsing relationship: /xl/worksheets/_rels/sheet1.xml.rels
[DEBUG] 2023-11-22 09:54:53.370 [main] PackageRelationshipCollection - Parsing relationship: /_rels/.rels
[INFO ] 2023-11-22 10:17:30.888 [main] loginStepdefinition - users clicks about thomascook link
[INFO ] 2023-11-22 10:17:31.072 [main] loginStepdefinition - user clicks about
[INFO ] 2023-11-22 10:17:33.770 [main] loginStepdefinition - about page is asserted
[INFO ] 2023-11-22 10:17:35.235 [main] loginStepdefinition - user clicks on privacy policy
[INFO ] 2023-11-22 10:17:35.684 [main] loginStepdefinition - privacy policy page is asserted
[INFO ] 2023-11-22 10:17:36.896 [main] loginStepdefinition - board of directors is clicked
[INFO ] 2023-11-22 10:17:37.322 [main] loginStepdefinition - board of directors page is asserted
[INFO ] 2023-11-22 10:19:57.684 [main] loginStepdefinition - WebPage Launched
[INFO ] 2023-11-22 10:19:57.793 [main] loginStepdefinition - User clicks login button in Homepage
[INFO ] 2023-11-22 10:19:57.868 [main] loginStepdefinition - User clicks login button in PopUp
[INFO ] 2023-11-22 10:20:08.279 [main] loginStepdefinition - User clicks register button
[INFO ] 2023-11-22 10:20:22.828 [main] loginStepdefinition - User clicks login button in Homepage
[INFO ] 2023-11-22 10:20:22.920 [main] loginStepdefinition - User clicks login button in PopUp
[DEBUG] 2023-11-22 10:20:37.371 [main] PackageRelationshipCollection - Parsing relationship: /xl/_rels/workbook.xml.rels
[DEBUG] 2023-11-22 10:20:37.373 [main] PackageRelationshipCollection - Parsing relationship: /xl/worksheets/_rels/sheet1.xml.rels
[DEBUG] 2023-11-22 10:20:37.576 [main] PackageRelationshipCollection - Parsing relationship: /_rels/.rels
[INFO ] 2023-11-22 10:27:52.786 [main] loginStepdefinition - users clicks about thomascook link
[INFO ] 2023-11-22 10:27:53.118 [main] loginStepdefinition - user clicks about
[INFO ] 2023-11-22 10:27:56.599 [main] loginStepdefinition - about page is asserted
[INFO ] 2023-11-22 10:28:02.122 [main] loginStepdefinition - user clicks on privacy policy
[INFO ] 2023-11-22 10:28:02.792 [main] loginStepdefinition - privacy policy page is asserted
[INFO ] 2023-11-22 10:28:03.876 [main] loginStepdefinition - board of directors is clicked
[INFO ] 2023-11-22 10:28:04.358 [main] loginStepdefinition - board of directors page is asserted
[INFO ] 2023-11-22 10:32:00.913 [main] loginStepdefinition - WebPage Launched
[INFO ] 2023-11-22 10:32:01.009 [main] loginStepdefinition - User clicks login button in Homepage
[INFO ] 2023-11-22 10:32:01.075 [main] loginStepdefinition - User clicks login button in PopUp
[INFO ] 2023-11-22 10:32:10.447 [main] loginStepdefinition - User clicks register button
[DEBUG] 2023-11-22 15:14:39.562 [main] PackageRelationshipCollection - Parsing relationship: /xl/_rels/workbook.xml.rels
[DEBUG] 2023-11-22 15:14:39.593 [main] PackageRelationshipCollection - Parsing relationship: /xl/worksheets/_rels/sheet1.xml.rels
[DEBUG] 2023-11-22 15:14:40.496 [main] PackageRelationshipCollection - Parsing relationship: /_rels/.rels
[INFO ] 2023-11-22 15:32:45.766 [main] loginStepdefinition - WebPage Launched
[INFO ] 2023-11-22 15:32:45.893 [main] loginStepdefinition - User clicks login button in Homepage
[INFO ] 2023-11-22 15:32:45.968 [main] loginStepdefinition - User clicks login button in PopUp
[INFO ] 2023-11-22 15:33:02.150 [main] loginStepdefinition - User clicks login button in Homepage
[INFO ] 2023-11-22 15:33:02.296 [main] loginStepdefinition - User clicks login button in PopUp
[INFO ] 2023-11-22 15:48:30.638 [main] loginStepdefinition - WebPage Launched
[INFO ] 2023-11-22 15:48:30.776 [main] loginStepdefinition - User clicks login button in Homepage
[INFO ] 2023-11-22 15:48:30.922 [main] loginStepdefinition - User clicks login button in PopUp
[INFO ] 2023-11-22 15:48:35.948 [main] loginStepdefinition - User clicks register button
[INFO ] 2023-11-22 15:48:47.142 [main] loginStepdefinition - User clicks login button in Homepage
[INFO ] 2023-11-22 15:48:47.271 [main] loginStepdefinition - User clicks login button in PopUp
[INFO ] 2023-12-15 12:09:01.470 [main] loginStepdefinition - users clicks about thomascook link
[INFO ] 2023-12-15 12:09:17.648 [main] loginStepdefinition - user clicks about
[INFO ] 2023-12-15 12:09:17.944 [main] loginStepdefinition - about page is asserted
[INFO ] 2023-12-15 12:09:20.267 [main] loginStepdefinition - user clicks on privacy policy
[INFO ] 2023-12-15 12:09:20.359 [main] loginStepdefinition - privacy policy page is asserted
[INFO ] 2023-12-15 12:09:22.747 [main] loginStepdefinition - board of directors is clicked
[INFO ] 2023-12-15 12:09:22.889 [main] loginStepdefinition - board of directors page is asserted
[INFO ] 2023-12-15 12:17:25.540 [main] loginStepdefinition - WebPage Launched
[INFO ] 2023-12-15 12:17:25.862 [main] loginStepdefinition - User clicks login button in Homepage
[INFO ] 2023-12-15 12:17:26.719 [main] loginStepdefinition - User clicks login button in PopUp
[INFO ] 2023-12-15 12:17:38.359 [main] loginStepdefinition - User clicks register button
